[20250804_203110] index:0;amount42;created
[20250804_203110] index:1;amount54;created
[20250804_203110] index:2;amount957;created
[20250804_203110] index:3;amount432;created
[20250804_203110] index:4;amount1234;created
[20250804_203110] index:5;amount0;created
[20250804_203110] index:6;amount754;created
[20250804_203110] index:7;amount16576;created
[20250804_203110] accounts:8;total20049;deposits0;withdrawal0
[20250804_203110] index:0;amount42;deposit0;withdrawals0
[20250804_203110] index:1;amount54;deposit0;withdrawals0
[20250804_203110] index:2;amount957;deposit0;withdrawals0
[20250804_203110] index:3;amount432;deposit0;withdrawals0
[20250804_203110] index:4;amount1234;deposit0;withdrawals0
[20250804_203110] index:5;amount0;deposit0;withdrawals0
[20250804_203110] index:6;amount754;deposit0;withdrawals0
[20250804_203110] index:7;amount16576;deposit0;withdrawals0
[20250804_203110] index:0;p_amount42;deposit5;amount47;nb_deposits1
[20250804_203110] index:1;p_amount54;deposit765;amount819;nb_deposits1
[20250804_203110] index:2;p_amount957;deposit564;amount1521;nb_deposits1
[20250804_203110] index:3;p_amount432;deposit2;amount434;nb_deposits1
[20250804_203110] index:4;p_amount1234;deposit87;amount1321;nb_deposits1
[20250804_203110] index:5;p_amount0;deposit23;amount23;nb_deposits1
[20250804_203110] index:6;p_amount754;deposit9;amount763;nb_deposits1
[20250804_203110] index:7;p_amount16576;deposit20;amount16596;nb_deposits1
[20250804_203110] accounts:8;total21524;deposits8;withdrawal0
[20250804_203110] index:0;amount47;deposit1;withdrawals0
[20250804_203110] index:1;amount819;deposit1;withdrawals0
[20250804_203110] index:2;amount1521;deposit1;withdrawals0
[20250804_203110] index:3;amount434;deposit1;withdrawals0
[20250804_203110] index:4;amount1321;deposit1;withdrawals0
[20250804_203110] index:5;amount23;deposit1;withdrawals0
[20250804_203110] index:6;amount763;deposit1;withdrawals0
[20250804_203110] index:7;amount16596;deposit1;withdrawals0
[20250804_203110] index:0;p_amount47;withdrawal:refused
[20250804_203110] index:1;p_amount819;withdrawal34;amount785;nb_withdrawals1
[20250804_203110] index:2;p_amount1521;withdrawal657;amount864;nb_withdrawals1
[20250804_203110] index:3;p_amount434;withdrawal4;amount430;nb_withdrawals1
[20250804_203110] index:4;p_amount1321;withdrawal76;amount1245;nb_withdrawals1
[20250804_203110] index:5;p_amount23;withdrawal:refused
[20250804_203110] index:6;p_amount763;withdrawal657;amount106;nb_withdrawals1
[20250804_203110] index:7;p_amount16596;withdrawal7654;amount8942;nb_withdrawals1
[20250804_203110] accounts:8;total12442;deposits8;withdrawal6
[20250804_203110] index:0;amount47;deposit1;withdrawals0
[20250804_203110] index:1;amount785;deposit1;withdrawals1
[20250804_203110] index:2;amount864;deposit1;withdrawals1
[20250804_203110] index:3;amount430;deposit1;withdrawals1
[20250804_203110] index:4;amount1245;deposit1;withdrawals1
[20250804_203110] index:5;amount23;deposit1;withdrawals0
[20250804_203110] index:6;amount106;deposit1;withdrawals1
[20250804_203110] index:7;amount8942;deposit1;withdrawals1
[20250804_203110] index:0;amount47;closed
[20250804_203110] index:1;amount785;closed
[20250804_203110] index:2;amount864;closed
[20250804_203110] index:3;amount430;closed
[20250804_203110] index:4;amount1245;closed
[20250804_203110] index:5;amount23;closed
[20250804_203110] index:6;amount106;closed
[20250804_203110] index:7;amount8942;closed
